<?xml version="1.0" encoding="UTF-8"?>
<!-- Generated by org.testng.reporters.JUnitReportReporter -->
<testsuite skipped="0" hostname="LAPTOP-UOJNOK0D" name="com.hcl.ProjectManagementToolTest" tests="1" failures="0" timestamp="2022-05-16T17:48:21 CDT" time="22.199" errors="0">
  <testcase name="createProject" time="22.199" classname="com.hcl.ProjectManagementToolTest"/>
  <system-out/>
</testsuite> <!-- com.hcl.ProjectManagementToolTest -->
